<?xml version="1.0" encoding="UTF-8"?>
<!-- Generated by org.testng.reporters.JUnitReportReporter -->
<testsuite name="com.sandata.v8.functional.visitMaintenance.Auto_V7_TC_63152_Select_From_Date_Using_Calendar_Picker" tests="1" time="99.232" ignored="0" failures="0" timestamp="17 Apr 2017 16:54:49 GMT" skipped="0" hostname="DESKTOP-KE0VAOI" errors="0">
  <testcase name="Auto_V7_TC_63152_Select_From_Date_Using_Calendar_Picker" time="99.232" classname="com.sandata.v8.functional.visitMaintenance.Auto_V7_TC_63152_Select_From_Date_Using_Calendar_Picker"/>
</testsuite> <!-- com.sandata.v8.functional.visitMaintenance.Auto_V7_TC_63152_Select_From_Date_Using_Calendar_Picker -->
