<?xml version="1.0" encoding="UTF-8"?>
<!-- Generated by org.testng.reporters.JUnitReportReporter -->
<testsuite name="com.sandata.v8.functional.visitMaintenance.Auto_V7_TC_63146_Search_With_Invalid_From_Date_Format" tests="1" time="16.019" ignored="0" failures="0" timestamp="17 Apr 2017 15:50:21 GMT" skipped="0" hostname="DESKTOP-KE0VAOI" errors="0">
  <testcase name="Auto_V7_TC_63146_Search_With_Invalid_From_Date_Format" time="16.019" classname="com.sandata.v8.functional.visitMaintenance.Auto_V7_TC_63146_Search_With_Invalid_From_Date_Format"/>
</testsuite> <!-- com.sandata.v8.functional.visitMaintenance.Auto_V7_TC_63146_Search_With_Invalid_From_Date_Format -->
