<?xml version="1.0" encoding="UTF-8"?>
<!-- Generated by org.testng.reporters.JUnitReportReporter -->
<testsuite name="com.sandata.v8.functional.VisitMaintenance.Auto_V8_TC_62716_VM_View_And_Update_Memo_Tab" tests="1" time="80.834" ignored="0" failures="0" timestamp="08 Jun 2017 20:29:49 GMT" skipped="0" hostname="DESKTOP-KE0VAOI" errors="0">
  <testcase name="Auto_V8_TC_62716_VM_View_And_Update_Memo_Tab" time="80.834" classname="com.sandata.v8.functional.VisitMaintenance.Auto_V8_TC_62716_VM_View_And_Update_Memo_Tab"/>
</testsuite> <!-- com.sandata.v8.functional.VisitMaintenance.Auto_V8_TC_62716_VM_View_And_Update_Memo_Tab -->
