<?xml version="1.0" encoding="UTF-8"?>
<!-- Generated by org.testng.reporters.JUnitReportReporter -->
<testsuite name="com.sandata.v8.functional.Exports.Auto_V7_TC_64674_Validate_From_Date_Greater_Than_To_Date" tests="1" time="59.504" ignored="0" failures="0" timestamp="06 Apr 2017 21:04:45 GMT" skipped="0" hostname="DESKTOP-KE0VAOI" errors="0">
  <testcase name="Auto_V7_TC_63092_Error_With_Date_Range_365_Days" time="59.504" classname="com.sandata.v8.functional.Exports.Auto_V7_TC_64674_Validate_From_Date_Greater_Than_To_Date"/>
</testsuite> <!-- com.sandata.v8.functional.Exports.Auto_V7_TC_64674_Validate_From_Date_Greater_Than_To_Date -->
