<?xml version="1.0" encoding="UTF-8"?>
<!-- Generated by org.testng.reporters.JUnitReportReporter -->
<testsuite name="com.sandata.v8.functional.Navigation.Auto_V8_TC_66994_Navigation_Verify_UI_Changes_In_VM_And_Visit_Detail" tests="1" time="20.974" ignored="0" failures="0" timestamp="06 Jun 2017 19:26:13 GMT" skipped="0" hostname="DESKTOP-KE0VAOI" errors="0">
  <testcase name="Auto_V8_TC_66994_Navigation_Verify_UI_Changes_In_VM_And_Visit_Detail" time="20.974" classname="com.sandata.v8.functional.Navigation.Auto_V8_TC_66994_Navigation_Verify_UI_Changes_In_VM_And_Visit_Detail"/>
</testsuite> <!-- com.sandata.v8.functional.Navigation.Auto_V8_TC_66994_Navigation_Verify_UI_Changes_In_VM_And_Visit_Detail -->
