<?xml version="1.0" encoding="UTF-8"?>
<!-- Generated by org.testng.reporters.JUnitReportReporter -->
<testsuite name="com.sandata.v8.functional.visitMaintenance.Auto_V7_TC_63169_Search_With_Client_Last_Name_Character" tests="1" time="14.936" ignored="0" failures="0" timestamp="17 Apr 2017 18:56:44 GMT" skipped="0" hostname="DESKTOP-KE0VAOI" errors="0">
  <testcase name="Auto_V7_TC_63161_Search_Without_First_Character_Clint_ID" time="14.936" classname="com.sandata.v8.functional.visitMaintenance.Auto_V7_TC_63169_Search_With_Client_Last_Name_Character"/>
</testsuite> <!-- com.sandata.v8.functional.visitMaintenance.Auto_V7_TC_63169_Search_With_Client_Last_Name_Character -->
