<?xml version="1.0" encoding="UTF-8"?>
<!-- Generated by org.testng.reporters.JUnitReportReporter -->
<testsuite name="com.sandata.v8.functional.Navigation.Auto_V8_TC_67657_Navigation_Open_Visit_Detail_Clicking_Anywhere_In_VM_Grid" tests="1" time="43.209" ignored="0" failures="0" timestamp="06 Jun 2017 13:55:48 GMT" skipped="0" hostname="DESKTOP-KE0VAOI" errors="0">
  <testcase name="Auto_V8_TC_67657_Navigation_Open_Visit_Detail_Clicking_Anywhere_In_VM_Grid" time="43.209" classname="com.sandata.v8.functional.Navigation.Auto_V8_TC_67657_Navigation_Open_Visit_Detail_Clicking_Anywhere_In_VM_Grid"/>
</testsuite> <!-- com.sandata.v8.functional.Navigation.Auto_V8_TC_67657_Navigation_Open_Visit_Detail_Clicking_Anywhere_In_VM_Grid -->
