<?xml version="1.0" encoding="UTF-8"?>
<!-- Generated by org.testng.reporters.JUnitReportReporter -->
<testsuite name="com.sandata.v8.functional.VisitMaintenance.Auto_V8_TC_69119_Verify_Visit_Status_Incomplete_To_Verified_With_Call_In_Call_Out" tests="1" time="144.097" ignored="0" failures="0" timestamp="29 Jun 2017 19:42:56 GMT" skipped="0" hostname="DESKTOP-KE0VAOI" errors="0">
  <testcase name="Auto_V8_TC_69119_Verify_Visit_Status_Incomplete_To_Verified_With_Call_In_Call_Out" time="144.097" classname="com.sandata.v8.functional.VisitMaintenance.Auto_V8_TC_69119_Verify_Visit_Status_Incomplete_To_Verified_With_Call_In_Call_Out"/>
</testsuite> <!-- com.sandata.v8.functional.VisitMaintenance.Auto_V8_TC_69119_Verify_Visit_Status_Incomplete_To_Verified_With_Call_In_Call_Out -->
