<?xml version="1.0" encoding="UTF-8"?>
<!-- Generated by org.testng.reporters.JUnitReportReporter -->
<testsuite name="com.sandata.v8.functional.visitMaintenance.Auto_V7_TC_63158_Search_By_Full_Clint_ID" tests="1" time="29.569" ignored="0" failures="0" timestamp="29 Mar 2017 18:37:10 GMT" skipped="0" hostname="DESKTOP-KE0VAOI" errors="0">
  <testcase name="Auto_V7_TC_63158_Search_By_Full_Clint_ID" time="29.569" classname="com.sandata.v8.functional.visitMaintenance.Auto_V7_TC_63158_Search_By_Full_Clint_ID"/>
</testsuite> <!-- com.sandata.v8.functional.visitMaintenance.Auto_V7_TC_63158_Search_By_Full_Clint_ID -->
