<?xml version="1.0" encoding="UTF-8"?>
<!-- Generated by org.testng.reporters.JUnitReportReporter -->
<testsuite name="com.sandata.v8.functional.visitMaintenance.Auto_V7_TC_63130_Search_Visit_Maintenance_Within_A_Day" tests="1" time="15.246" ignored="0" failures="0" timestamp="17 Apr 2017 15:49:20 GMT" skipped="0" hostname="DESKTOP-KE0VAOI" errors="0">
  <testcase name="Auto_V7_TC_63092_Error_With_Date_Range_365_Days" time="15.246" classname="com.sandata.v8.functional.visitMaintenance.Auto_V7_TC_63130_Search_Visit_Maintenance_Within_A_Day"/>
</testsuite> <!-- com.sandata.v8.functional.visitMaintenance.Auto_V7_TC_63130_Search_Visit_Maintenance_Within_A_Day -->
