<?xml version="1.0" encoding="UTF-8"?>
<!-- Generated by org.testng.reporters.JUnitReportReporter -->
<testsuite name="com.sandata.v8.functional.Exports.Auto_V7_TC_64658_Todays_Date_Cannot_Be_Included_For_ToDate" tests="1" time="45.614" ignored="0" failures="0" timestamp="05 Apr 2017 18:10:09 GMT" skipped="0" hostname="DESKTOP-KE0VAOI" errors="0">
  <testcase name="Auto_V7_TC_64658_Todays_Date_Cannot_Be_Included_For_ToDate" time="45.614" classname="com.sandata.v8.functional.Exports.Auto_V7_TC_64658_Todays_Date_Cannot_Be_Included_For_ToDate"/>
</testsuite> <!-- com.sandata.v8.functional.Exports.Auto_V7_TC_64658_Todays_Date_Cannot_Be_Included_For_ToDate -->
