<?xml version="1.0" encoding="UTF-8"?>
<!-- Generated by org.testng.reporters.JUnitReportReporter -->
<testsuite name="com.sandata.v8.functional.visitMaintenance.Auto_V7_TC_63156_Search_for_0_Records" tests="1" time="16.552" ignored="0" failures="0" timestamp="17 Apr 2017 17:05:47 GMT" skipped="0" hostname="DESKTOP-KE0VAOI" errors="0">
  <testcase name="Auto_V7_TC_63156_Search_for_0_Records" time="16.552" classname="com.sandata.v8.functional.visitMaintenance.Auto_V7_TC_63156_Search_for_0_Records"/>
</testsuite> <!-- com.sandata.v8.functional.visitMaintenance.Auto_V7_TC_63156_Search_for_0_Records -->
