<?xml version="1.0" encoding="UTF-8"?>
<!-- Generated by org.testng.reporters.JUnitReportReporter -->
<testsuite name="com.sandata.v8.functional.VisitMaintenance.Auto_V8_TC_69127_Verify_Visit_Status_Incomplete_To_Verified_With_Adjust_In_Adjust_Out" tests="1" time="73.951" ignored="0" failures="0" timestamp="29 Jun 2017 20:00:05 GMT" skipped="0" hostname="DESKTOP-KE0VAOI" errors="0">
  <testcase name="Auto_V8_TC_69127_Verify_Visit_Status_Incomplete_To_Verified_With_Adjust_In_Adjust_Out" time="73.951" classname="com.sandata.v8.functional.VisitMaintenance.Auto_V8_TC_69127_Verify_Visit_Status_Incomplete_To_Verified_With_Adjust_In_Adjust_Out"/>
</testsuite> <!-- com.sandata.v8.functional.VisitMaintenance.Auto_V8_TC_69127_Verify_Visit_Status_Incomplete_To_Verified_With_Adjust_In_Adjust_Out -->
