<?xml version="1.0" encoding="UTF-8"?>
<!-- Generated by org.testng.reporters.JUnitReportReporter -->
<testsuite name="com.sandata.v8.functional.validateAdress.Auto_V7_TC_64612_ValidateAddress_Verify_State_Error_Msg" tests="1" time="12.759" ignored="0" failures="0" timestamp="11 Apr 2017 19:48:09 GMT" skipped="0" hostname="DESKTOP-KE0VAOI" errors="0">
  <testcase name="Auto_V7_TC_64611_ValidateAddress_Verify_Gui_Content" time="12.759" classname="com.sandata.v8.functional.validateAdress.Auto_V7_TC_64612_ValidateAddress_Verify_State_Error_Msg"/>
</testsuite> <!-- com.sandata.v8.functional.validateAdress.Auto_V7_TC_64612_ValidateAddress_Verify_State_Error_Msg -->
