<?xml version="1.0" encoding="UTF-8"?>
<!-- Generated by org.testng.reporters.JUnitReportReporter -->
<testsuite name="com.sandata.v8.functional.VisitMaintenance.Auto_V8_TC_63897_Verify__GeneralTab_With_Read_Only_Account" tests="1" time="37.157" ignored="0" failures="0" timestamp="22 Jun 2017 20:25:47 GMT" skipped="0" hostname="DESKTOP-KE0VAOI" errors="0">
  <testcase name="Auto_V8_TC_63053_VM_Verify_User_Is_Able_To_Filter_Visits_Status" time="37.157" classname="com.sandata.v8.functional.VisitMaintenance.Auto_V8_TC_63897_Verify__GeneralTab_With_Read_Only_Account"/>
</testsuite> <!-- com.sandata.v8.functional.VisitMaintenance.Auto_V8_TC_63897_Verify__GeneralTab_With_Read_Only_Account -->
