<?xml version="1.0" encoding="UTF-8"?>
<!-- Generated by org.testng.reporters.JUnitReportReporter -->
<testsuite name="com.sandata.v8.functional.Exports.Auto_V7_TC_64664_Validate_Date_Range_365_Days" tests="1" time="14.720" ignored="0" failures="0" timestamp="05 Apr 2017 19:53:31 GMT" skipped="0" hostname="DESKTOP-KE0VAOI" errors="0">
  <testcase name="Auto_V7_TC_63092_Error_With_Date_Range_365_Days" time="14.720" classname="com.sandata.v8.functional.Exports.Auto_V7_TC_64664_Validate_Date_Range_365_Days"/>
</testsuite> <!-- com.sandata.v8.functional.Exports.Auto_V7_TC_64664_Validate_Date_Range_365_Days -->
