<?xml version="1.0" encoding="UTF-8"?>
<!-- Generated by org.testng.reporters.JUnitReportReporter -->
<testsuite name="com.sandata.v8.functional.visitMaintenance.Auto_V7_TC_63161_Search_Without_First_Character_Clint_ID" tests="1" time="14.158" ignored="0" failures="0" timestamp="29 Mar 2017 19:32:33 GMT" skipped="0" hostname="DESKTOP-KE0VAOI" errors="0">
  <testcase name="Auto_V7_TC_63161_Search_Without_First_Character_Clint_ID" time="14.158" classname="com.sandata.v8.functional.visitMaintenance.Auto_V7_TC_63161_Search_Without_First_Character_Clint_ID"/>
</testsuite> <!-- com.sandata.v8.functional.visitMaintenance.Auto_V7_TC_63161_Search_Without_First_Character_Clint_ID -->
