<?xml version="1.0" encoding="UTF-8"?>
<!-- Generated by org.testng.reporters.JUnitReportReporter -->
<testsuite name="com.sandata.v8.functional.Dashboard.Auto_V8_TC_63926_Dashboard_UI" tests="1" time="14.348" ignored="0" failures="0" timestamp="01 Jun 2017 20:00:07 GMT" skipped="0" hostname="DESKTOP-KE0VAOI" errors="0">
  <testcase name="Auto_V8_TC_63926_Dashboard_UI" time="14.348" classname="com.sandata.v8.functional.Dashboard.Auto_V8_TC_63926_Dashboard_UI"/>
</testsuite> <!-- com.sandata.v8.functional.Dashboard.Auto_V8_TC_63926_Dashboard_UI -->
