<?xml version="1.0" encoding="UTF-8"?>
<!-- Generated by org.testng.reporters.JUnitReportReporter -->
<testsuite name="com.sandata.v8.functional.visitMaintenance.Auto_V7_TC_63151_Search_With_Greater_From_Date_Than_To_Date" tests="1" time="16.347" ignored="0" failures="0" timestamp="17 Apr 2017 15:51:26 GMT" skipped="0" hostname="DESKTOP-KE0VAOI" errors="0">
  <testcase name="Auto_V7_TC_63151_Search_With_Greater_From_Date_Than_To_Date" time="16.347" classname="com.sandata.v8.functional.visitMaintenance.Auto_V7_TC_63151_Search_With_Greater_From_Date_Than_To_Date"/>
</testsuite> <!-- com.sandata.v8.functional.visitMaintenance.Auto_V7_TC_63151_Search_With_Greater_From_Date_Than_To_Date -->
