<?xml version="1.0" encoding="UTF-8"?>
<!-- Generated by org.testng.reporters.JUnitReportReporter -->
<testsuite name="com.sandata.v8.functional.visitMaintenance.Auto_V7_TC_63092_Error_With_Date_Range_Greater_Than_365_Days" tests="1" time="13.959" ignored="0" failures="0" timestamp="17 Apr 2017 15:03:07 GMT" skipped="0" hostname="DESKTOP-KE0VAOI" errors="0">
  <testcase name="Auto_V7_TC_63092_Error_With_Date_Range_365_Days" time="13.959" classname="com.sandata.v8.functional.visitMaintenance.Auto_V7_TC_63092_Error_With_Date_Range_Greater_Than_365_Days"/>
</testsuite> <!-- com.sandata.v8.functional.visitMaintenance.Auto_V7_TC_63092_Error_With_Date_Range_Greater_Than_365_Days -->
