<?xml version="1.0" encoding="UTF-8"?>
<!-- Generated by org.testng.reporters.JUnitReportReporter -->
<testsuite name="com.sandata.v8.functional.VisitMaintenance.Auto_V8_TC_67448_VM_Verify_User_Cannot_Turn_On_Do_Not_Bill_Checkbox" tests="1" time="0.000" ignored="0" failures="0" timestamp="13 Jun 2017 14:56:36 GMT" skipped="1" hostname="DESKTOP-KE0VAOI" errors="0">
  <testcase name="Auto_V8_TC_63662_VM_Verify_User_Cannot_Turn_On_Do_Not_Bill_Checkbox" time="0.000" classname="com.sandata.v8.functional.VisitMaintenance.Auto_V8_TC_67448_VM_Verify_User_Cannot_Turn_On_Do_Not_Bill_Checkbox">
    <skipped/>
  </testcase> <!-- Auto_V8_TC_63662_VM_Verify_User_Cannot_Turn_On_Do_Not_Bill_Checkbox -->
</testsuite> <!-- com.sandata.v8.functional.VisitMaintenance.Auto_V8_TC_67448_VM_Verify_User_Cannot_Turn_On_Do_Not_Bill_Checkbox -->
