<?xml version="1.0" encoding="UTF-8"?>
<!-- Generated by org.testng.reporters.JUnitReportReporter -->
<testsuite name="com.sandata.v8.functional.Exports.Auto_V7_TC_64323_Todays_Date_Cannot_Be_Included_For_FromDate" tests="1" time="37.847" ignored="0" failures="0" timestamp="05 Apr 2017 17:44:07 GMT" skipped="0" hostname="DESKTOP-KE0VAOI" errors="0">
  <testcase name="Auto_V7_TC_64323_Todays_Date_Cannot_Be_Included_For_FromDate" time="37.847" classname="com.sandata.v8.functional.Exports.Auto_V7_TC_64323_Todays_Date_Cannot_Be_Included_For_FromDate"/>
</testsuite> <!-- com.sandata.v8.functional.Exports.Auto_V7_TC_64323_Todays_Date_Cannot_Be_Included_For_FromDate -->
