<?xml version="1.0" encoding="UTF-8"?>
<!-- Generated by org.testng.reporters.JUnitReportReporter -->
<testsuite name="com.sandata.v8.functional.visitMaintenance.Auto_V7_TC_63154_Select_To_Date_Using_Calendar_Picker" tests="1" time="15.258" ignored="0" failures="0" timestamp="17 Apr 2017 17:02:48 GMT" skipped="0" hostname="DESKTOP-KE0VAOI" errors="0">
  <testcase name="Auto_V7_TC_63154_Select_To_Date_Using_Calendar_Picker" time="15.258" classname="com.sandata.v8.functional.visitMaintenance.Auto_V7_TC_63154_Select_To_Date_Using_Calendar_Picker"/>
</testsuite> <!-- com.sandata.v8.functional.visitMaintenance.Auto_V7_TC_63154_Select_To_Date_Using_Calendar_Picker -->
