<?xml version="1.0" encoding="UTF-8"?>
<!-- Generated by org.testng.reporters.JUnitReportReporter -->
<testsuite name="com.sandata.v8.functional.dataMgmt.Auto_V7_TC_63410_3_Modify_AddressDetails_of_Client_MaxCharacters" tests="1" time="0.000" ignored="0" failures="0" timestamp="28 Mar 2017 18:38:41 GMT" skipped="1" hostname="DESKTOP-KE0VAOI" errors="0">
  <testcase name="Auto_Validate_AddressModication_of_Client_MaxCharacters" time="0.000" classname="com.sandata.v8.functional.dataMgmt.Auto_V7_TC_63410_3_Modify_AddressDetails_of_Client_MaxCharacters">
    <skipped/>
  </testcase> <!-- Auto_Validate_AddressModication_of_Client_MaxCharacters -->
</testsuite> <!-- com.sandata.v8.functional.dataMgmt.Auto_V7_TC_63410_3_Modify_AddressDetails_of_Client_MaxCharacters -->
