<?xml version="1.0" encoding="UTF-8"?>
<!-- Generated by org.testng.reporters.JUnitReportReporter -->
<testsuite name="com.sandata.v8.functional.visitMaintenance.Auto_V7_TC_63155_Search_With_Empty_From_To_Date" tests="1" time="20.370" ignored="0" failures="0" timestamp="17 Apr 2017 17:04:30 GMT" skipped="0" hostname="DESKTOP-KE0VAOI" errors="0">
  <testcase name="Auto_V7_TC_63155_Search_With_Empty_From_To_Date" time="20.370" classname="com.sandata.v8.functional.visitMaintenance.Auto_V7_TC_63155_Search_With_Empty_From_To_Date"/>
</testsuite> <!-- com.sandata.v8.functional.visitMaintenance.Auto_V7_TC_63155_Search_With_Empty_From_To_Date -->
