<?xml version="1.0" encoding="UTF-8"?>
<!-- Generated by org.testng.reporters.JUnitReportReporter -->
<testsuite name="com.sandata.v8.functional.Exports.Auto_V7_TC_64668_Validate_Empty_From_Date" tests="1" time="22.159" ignored="0" failures="0" timestamp="05 Apr 2017 20:20:02 GMT" skipped="0" hostname="DESKTOP-KE0VAOI" errors="0">
  <testcase name="Auto_V7_TC_64668_Validate_Empty_From_Date" time="22.159" classname="com.sandata.v8.functional.Exports.Auto_V7_TC_64668_Validate_Empty_From_Date"/>
</testsuite> <!-- com.sandata.v8.functional.Exports.Auto_V7_TC_64668_Validate_Empty_From_Date -->
