<?xml version="1.0" encoding="UTF-8"?>
<!-- Generated by org.testng.reporters.JUnitReportReporter -->
<testsuite name="com.sandata.v8.functional.validateAdress.Auto_V7_TC_64612_ValidateAddress_Verify_Invalid_Adress" tests="1" time="12.480" ignored="0" failures="0" timestamp="11 Apr 2017 18:28:50 GMT" skipped="0" hostname="DESKTOP-KE0VAOI" errors="0">
  <testcase name="Auto_V7_TC_64611_ValidateAddress_Verify_Gui_Content" time="12.480" classname="com.sandata.v8.functional.validateAdress.Auto_V7_TC_64612_ValidateAddress_Verify_Invalid_Adress"/>
</testsuite> <!-- com.sandata.v8.functional.validateAdress.Auto_V7_TC_64612_ValidateAddress_Verify_Invalid_Adress -->
