<?xml version="1.0" encoding="UTF-8"?>
<!-- Generated by org.testng.reporters.JUnitReportReporter -->
<testsuite name="com.sandata.v8.functional.visitMaintenance.Auto_V7_TC_63131_Verify_CurentDate_is_Deafult_Date_Filter" tests="1" time="14.661" ignored="0" failures="0" timestamp="17 Apr 2017 15:49:49 GMT" skipped="0" hostname="DESKTOP-KE0VAOI" errors="0">
  <testcase name="Auto_V7_TC_63131_Verify_CurentDate_is_Deafult_Date_Filter" time="14.661" classname="com.sandata.v8.functional.visitMaintenance.Auto_V7_TC_63131_Verify_CurentDate_is_Deafult_Date_Filter"/>
</testsuite> <!-- com.sandata.v8.functional.visitMaintenance.Auto_V7_TC_63131_Verify_CurentDate_is_Deafult_Date_Filter -->
