<?xml version="1.0" encoding="UTF-8"?>
<!-- Generated by org.testng.reporters.JUnitReportReporter -->
<testsuite name="com.sandata.v8.functional.DataEntry.Clients.Auto_V8_TC_62708_Verify_Clients_Language_Preference" tests="1" time="81.486" ignored="0" failures="0" timestamp="19 Jun 2017 18:27:03 GMT" skipped="0" hostname="DESKTOP-KE0VAOI" errors="1">
  <testcase name="Auto_V8_TC_62708_Verify_Clients_Language_Preference" time="81.486" classname="com.sandata.v8.functional.DataEntry.Clients.Auto_V8_TC_62708_Verify_Clients_Language_Preference">
    <error type="java.lang.NullPointerException">
      <![CDATA[java.lang.NullPointerException
	at com.sandata.core.Wrapper.click(Wrapper.java:438)
	at com.sandata.v8.functional.DataEntry.Clients.Auto_V8_TC_62708_Verify_Clients_Language_Preference.Auto_V8_TC_62708_Verify_Clients_Language_Preference(Unknown Source)
	at sun.reflect.NativeMethodAccessorImpl.invoke0(Native Method)
	at sun.reflect.NativeMethodAccessorImpl.invoke(NativeMethodAccessorImpl.java:62)
	at sun.reflect.DelegatingMethodAccessorImpl.invoke(DelegatingMethodAccessorImpl.java:43)
	at java.lang.reflect.Method.invoke(Method.java:498)
	at org.testng.internal.MethodInvocationHelper.invokeMethod(MethodInvocationHelper.java:104)
	at org.testng.internal.Invoker.invokeMethod(Invoker.java:645)
	at org.testng.internal.Invoker.invokeTestMethod(Invoker.java:851)
	at org.testng.internal.Invoker.invokeTestMethods(Invoker.java:1177)
	at org.testng.internal.TestMethodWorker.invokeTestMethods(TestMethodWorker.java:129)
	at org.testng.internal.TestMethodWorker.run(TestMethodWorker.java:112)
	at org.testng.TestRunner.privateRun(TestRunner.java:756)
	at org.testng.TestRunner.run(TestRunner.java:610)
	at org.testng.SuiteRunner.runTest(SuiteRunner.java:387)
	at org.testng.SuiteRunner.runSequentially(SuiteRunner.java:382)
	at org.testng.SuiteRunner.privateRun(SuiteRunner.java:340)
	at org.testng.SuiteRunner.run(SuiteRunner.java:289)
	at org.testng.SuiteRunnerWorker.runSuite(SuiteRunnerWorker.java:52)
	at org.testng.SuiteRunnerWorker.run(SuiteRunnerWorker.java:86)
	at org.testng.TestNG.runSuitesSequentially(TestNG.java:1293)
	at org.testng.TestNG.runSuitesLocally(TestNG.java:1218)
	at org.testng.TestNG.runSuites(TestNG.java:1133)
	at org.testng.TestNG.run(TestNG.java:1104)
	at org.testng.remote.AbstractRemoteTestNG.run(AbstractRemoteTestNG.java:132)
	at org.testng.remote.RemoteTestNG.initAndRun(RemoteTestNG.java:236)
	at org.testng.remote.RemoteTestNG.main(RemoteTestNG.java:81)
]]>
    </error>
  </testcase> <!-- Auto_V8_TC_62708_Verify_Clients_Language_Preference -->
</testsuite> <!-- com.sandata.v8.functional.DataEntry.Clients.Auto_V8_TC_62708_Verify_Clients_Language_Preference -->
