<?xml version="1.0" encoding="UTF-8"?>
<!-- Generated by org.testng.reporters.JUnitReportReporter -->
<testsuite name="com.sandata.v8.functional.VisitMaintenance.Auto_V8_TC_60662_VM_Verify_User_Cannot_Turn_On_Do_Not_Bill_Checkbox" tests="1" time="54.666" ignored="0" failures="0" timestamp="09 Jun 2017 21:21:49 GMT" skipped="0" hostname="DESKTOP-KE0VAOI" errors="0">
  <testcase name="Auto_V8_TC_636662_VM_Verify_User_Cannot_Turn_On_Do_Not_Bill_Checkbox" time="54.666" classname="com.sandata.v8.functional.VisitMaintenance.Auto_V8_TC_60662_VM_Verify_User_Cannot_Turn_On_Do_Not_Bill_Checkbox"/>
</testsuite> <!-- com.sandata.v8.functional.VisitMaintenance.Auto_V8_TC_60662_VM_Verify_User_Cannot_Turn_On_Do_Not_Bill_Checkbox -->
