<?xml version="1.0" encoding="UTF-8"?>
<!-- Generated by org.testng.reporters.JUnitReportReporter -->
<testsuite name="com.sandata.v8.functional.visitMaintenance.Auto_V7_TC_63128_Search_Visit_Maintenance_Specific_Date_Range" tests="1" time="15.113" ignored="0" failures="0" timestamp="17 Apr 2017 15:32:57 GMT" skipped="0" hostname="DESKTOP-KE0VAOI" errors="0">
  <testcase name="Auto_V7_TC_63128_Search_Visit_Maintenance_Specific_Date_Range" time="15.113" classname="com.sandata.v8.functional.visitMaintenance.Auto_V7_TC_63128_Search_Visit_Maintenance_Specific_Date_Range"/>
</testsuite> <!-- com.sandata.v8.functional.visitMaintenance.Auto_V7_TC_63128_Search_Visit_Maintenance_Specific_Date_Range -->
