<?xml version="1.0" encoding="UTF-8"?>
<!-- Generated by org.testng.reporters.JUnitReportReporter -->
<testsuite name="com.sandata.v8.functional.VisitMaintenance.Auto_V8_TC_64456_Verify_Visit_Status_After_Fixing_Missing_Service_Exception" tests="1" time="63.216" ignored="0" failures="0" timestamp="28 Jun 2017 19:36:14 GMT" skipped="0" hostname="DESKTOP-KE0VAOI" errors="0">
  <testcase name="Auto_V8_TC_64456_Verify_Visit_Status_After_Fixing_Missing_Service_Exception" time="63.216" classname="com.sandata.v8.functional.VisitMaintenance.Auto_V8_TC_64456_Verify_Visit_Status_After_Fixing_Missing_Service_Exception"/>
</testsuite> <!-- com.sandata.v8.functional.VisitMaintenance.Auto_V8_TC_64456_Verify_Visit_Status_After_Fixing_Missing_Service_Exception -->
