<?xml version="1.0" encoding="UTF-8"?>
<!-- Generated by org.testng.reporters.JUnitReportReporter -->
<testsuite name="com.sandata.v8.functional.visitMaintenance.Auto_V7_TC_63147_Search_With_Invalid_To_Date_Format" tests="1" time="15.974" ignored="0" failures="0" timestamp="17 Apr 2017 15:50:55 GMT" skipped="0" hostname="DESKTOP-KE0VAOI" errors="0">
  <testcase name="Auto_V7_TC_63147_Search_With_Invalid_To_Date_Format" time="15.974" classname="com.sandata.v8.functional.visitMaintenance.Auto_V7_TC_63147_Search_With_Invalid_To_Date_Format"/>
</testsuite> <!-- com.sandata.v8.functional.visitMaintenance.Auto_V7_TC_63147_Search_With_Invalid_To_Date_Format -->
