<?xml version="1.0" encoding="UTF-8"?>
<!-- Generated by org.testng.reporters.JUnitReportReporter -->
<testsuite name="com.sandata.v8.functional.VisitMaintenance.Auto_V8_TC_11111_Create_A_Test_Call_EveryDay_For_Incomplete_Status" tests="1" time="41.497" ignored="0" failures="0" timestamp="30 Jun 2017 15:47:02 GMT" skipped="0" hostname="DESKTOP-KE0VAOI" errors="0">
  <testcase name="Auto_V8_TC_11111_Create_A_Test_Call_EveryDay_For_Incomplete_Status" time="41.497" classname="com.sandata.v8.functional.VisitMaintenance.Auto_V8_TC_11111_Create_A_Test_Call_EveryDay_For_Incomplete_Status"/>
</testsuite> <!-- com.sandata.v8.functional.VisitMaintenance.Auto_V8_TC_11111_Create_A_Test_Call_EveryDay_For_Incomplete_Status -->
