<?xml version="1.0" encoding="UTF-8"?>
<!-- Generated by org.testng.reporters.JUnitReportReporter -->
<testsuite name="com.sandata.v8.functional.VisitMaintenance.Auto_V8_TC_63683_VM_Verify_Visit_Exported_To_Claim_Validation" tests="1" time="82.811" ignored="0" failures="0" timestamp="12 Jun 2017 20:00:31 GMT" skipped="0" hostname="DESKTOP-KE0VAOI" errors="0">
  <testcase name="Auto_V8_TC_63683_VM_Verify_Visit_Exported_To_Claim_Validation" time="82.811" classname="com.sandata.v8.functional.VisitMaintenance.Auto_V8_TC_63683_VM_Verify_Visit_Exported_To_Claim_Validation"/>
</testsuite> <!-- com.sandata.v8.functional.VisitMaintenance.Auto_V8_TC_63683_VM_Verify_Visit_Exported_To_Claim_Validation -->
