<?xml version="1.0" encoding="UTF-8"?>
<!-- Generated by org.testng.reporters.JUnitReportReporter -->
<testsuite name="com.sandata.v8.functional.validateAdress.Auto_V7_TC_65356_ValidateAddress_Validate_City_Error_Msg" tests="1" time="25.001" ignored="0" failures="0" timestamp="11 Apr 2017 20:07:59 GMT" skipped="0" hostname="DESKTOP-KE0VAOI" errors="0">
  <testcase name="Auto_V7_TC_65356_ValidateAddress_Validate_City_Error_Msg" time="25.001" classname="com.sandata.v8.functional.validateAdress.Auto_V7_TC_65356_ValidateAddress_Validate_City_Error_Msg"/>
</testsuite> <!-- com.sandata.v8.functional.validateAdress.Auto_V7_TC_65356_ValidateAddress_Validate_City_Error_Msg -->
