<?xml version="1.0" encoding="UTF-8"?>
<!-- Generated by org.testng.reporters.JUnitReportReporter -->
<testsuite name="com.sandata.v8.functional.visitMaintenance.Auto_V7_TC_63157_Search_By_First_Character_Client_ID" tests="1" time="28.739" ignored="0" failures="0" timestamp="17 Apr 2017 18:42:07 GMT" skipped="0" hostname="DESKTOP-KE0VAOI" errors="0">
  <testcase name="Auto_V7_TC_63157_Search_By_First_Character_Clint_ID" time="28.739" classname="com.sandata.v8.functional.visitMaintenance.Auto_V7_TC_63157_Search_By_First_Character_Client_ID"/>
</testsuite> <!-- com.sandata.v8.functional.visitMaintenance.Auto_V7_TC_63157_Search_By_First_Character_Client_ID -->
