<?xml version="1.0" encoding="UTF-8"?>
<!-- Generated by org.testng.reporters.JUnitReportReporter -->
<testsuite name="com.sandata.v8.functional.VisitMaintenance.Auto_V8_TC_64434_Verify_Visit_Statust_Incomplete_To_Verified_Status" tests="1" time="183.840" ignored="0" failures="0" timestamp="28 Jun 2017 13:12:08 GMT" skipped="0" hostname="DESKTOP-KE0VAOI" errors="0">
  <testcase name="Auto_V8_TC_63053_VM_Verify_User_Is_Able_To_Filter_Visits_Status" time="183.840" classname="com.sandata.v8.functional.VisitMaintenance.Auto_V8_TC_64434_Verify_Visit_Statust_Incomplete_To_Verified_Status"/>
</testsuite> <!-- com.sandata.v8.functional.VisitMaintenance.Auto_V8_TC_64434_Verify_Visit_Statust_Incomplete_To_Verified_Status -->
